This is pdfTeX, Version 3.14159265-2.6-1.40.18 (TeX Live 2017/Arch Linux) (preloaded format=pdflatex 2017.9.10)  9 JAN 2018 13:58
entering extended mode
 restricted \write18 enabled.
 %&-line parsing enabled.
**Manual_setup_raspberry_pi_Monitoring_Box.tex
(./Manual_setup_raspberry_pi_Monitoring_Box.tex
LaTeX2e <2017-04-15>
Babel <3.12> and hyphenation patterns for 84 language(s) loaded.
(/usr/share/texmf-dist/tex/latex/base/report.cls
Document Class: report 2014/09/29 v1.4h Standard LaTeX document class
(/usr/share/texmf-dist/tex/latex/base/size11.clo
File: size11.clo 2014/09/29 v1.4h Standard LaTeX file (size option)
)
\c@part=\count79
\c@chapter=\count80
\c@section=\count81
\c@subsection=\count82
\c@subsubsection=\count83
\c@paragraph=\count84
\c@subparagraph=\count85
\c@figure=\count86
\c@table=\count87
\abovecaptionskip=\skip41
\belowcaptionskip=\skip42
\bibindent=\dimen102
)
(/usr/share/texmf-dist/tex/latex/graphics/graphicx.sty
Package: graphicx 2017/06/01 v1.1a Enhanced LaTeX Graphics (DPC,SPQR)

(/usr/share/texmf-dist/tex/latex/graphics/keyval.sty
Package: keyval 2014/10/28 v1.15 key=value parser (DPC)
\KV@toks@=\toks14
)
(/usr/share/texmf-dist/tex/latex/graphics/graphics.sty
Package: graphics 2017/06/25 v1.2c Standard LaTeX Graphics (DPC,SPQR)

(/usr/share/texmf-dist/tex/latex/graphics/trig.sty
Package: trig 2016/01/03 v1.10 sin cos tan (DPC)
)
(/usr/share/texmf-dist/tex/latex/graphics-cfg/graphics.cfg
File: graphics.cfg 2016/06/04 v1.11 sample graphics configuration
)
Package graphics Info: Driver file: pdftex.def on input line 99.

(/usr/share/texmf-dist/tex/latex/graphics-def/pdftex.def
File: pdftex.def 2017/06/24 v1.0g Graphics/color driver for pdftex
))
\Gin@req@height=\dimen103
\Gin@req@width=\dimen104
)
(/usr/share/texmf-dist/tex/latex/pgfplots/pgfplots.sty
(/usr/share/texmf-dist/tex/generic/pgfplots/pgfplots.revision.tex)
Package: pgfplots 2017/06/05 v1.15 Data Visualization (1.15)

(/usr/share/texmf-dist/tex/latex/pgf/frontendlayer/tikz.sty
(/usr/share/texmf-dist/tex/latex/pgf/basiclayer/pgf.sty
(/usr/share/texmf-dist/tex/latex/pgf/utilities/pgfrcs.sty
(/usr/share/texmf-dist/tex/generic/pgf/utilities/pgfutil-common.tex
\pgfutil@everybye=\toks15
\pgfutil@tempdima=\dimen105
\pgfutil@tempdimb=\dimen106

(/usr/share/texmf-dist/tex/generic/pgf/utilities/pgfutil-common-lists.tex))
(/usr/share/texmf-dist/tex/generic/pgf/utilities/pgfutil-latex.def
\pgfutil@abb=\box26

(/usr/share/texmf-dist/tex/latex/ms/everyshi.sty
Package: everyshi 2001/05/15 v3.00 EveryShipout Package (MS)
))
(/usr/share/texmf-dist/tex/generic/pgf/utilities/pgfrcs.code.tex
Package: pgfrcs 2015/08/07 v3.0.1a (rcs-revision 1.31)
))
Package: pgf 2015/08/07 v3.0.1a (rcs-revision 1.15)

(/usr/share/texmf-dist/tex/latex/pgf/basiclayer/pgfcore.sty
(/usr/share/texmf-dist/tex/latex/pgf/systemlayer/pgfsys.sty
(/usr/share/texmf-dist/tex/generic/pgf/systemlayer/pgfsys.code.tex
Package: pgfsys 2014/07/09 v3.0.1a (rcs-revision 1.48)

(/usr/share/texmf-dist/tex/generic/pgf/utilities/pgfkeys.code.tex
\pgfkeys@pathtoks=\toks16
\pgfkeys@temptoks=\toks17

(/usr/share/texmf-dist/tex/generic/pgf/utilities/pgfkeysfiltered.code.tex
\pgfkeys@tmptoks=\toks18
))
\pgf@x=\dimen107
\pgf@y=\dimen108
\pgf@xa=\dimen109
\pgf@ya=\dimen110
\pgf@xb=\dimen111
\pgf@yb=\dimen112
\pgf@xc=\dimen113
\pgf@yc=\dimen114
\w@pgf@writea=\write3
\r@pgf@reada=\read1
\c@pgf@counta=\count88
\c@pgf@countb=\count89
\c@pgf@countc=\count90
\c@pgf@countd=\count91
\t@pgf@toka=\toks19
\t@pgf@tokb=\toks20
\t@pgf@tokc=\toks21

(/usr/share/texmf-dist/tex/generic/pgf/systemlayer/pgf.cfg
File: pgf.cfg 2008/05/14  (rcs-revision 1.7)
)
Driver file for pgf: pgfsys-pdftex.def

(/usr/share/texmf-dist/tex/generic/pgf/systemlayer/pgfsys-pdftex.def
File: pgfsys-pdftex.def 2014/10/11  (rcs-revision 1.35)

(/usr/share/texmf-dist/tex/generic/pgf/systemlayer/pgfsys-common-pdf.def
File: pgfsys-common-pdf.def 2013/10/10  (rcs-revision 1.13)
)))
(/usr/share/texmf-dist/tex/generic/pgf/systemlayer/pgfsyssoftpath.code.tex
File: pgfsyssoftpath.code.tex 2013/09/09  (rcs-revision 1.9)
\pgfsyssoftpath@smallbuffer@items=\count92
\pgfsyssoftpath@bigbuffer@items=\count93
)
(/usr/share/texmf-dist/tex/generic/pgf/systemlayer/pgfsysprotocol.code.tex
File: pgfsysprotocol.code.tex 2006/10/16  (rcs-revision 1.4)
))
(/usr/share/texmf-dist/tex/latex/xcolor/xcolor.sty
Package: xcolor 2016/05/11 v2.12 LaTeX color extensions (UK)

(/usr/share/texmf-dist/tex/latex/graphics-cfg/color.cfg
File: color.cfg 2016/01/02 v1.6 sample color configuration
)
Package xcolor Info: Driver file: pdftex.def on input line 225.
Package xcolor Info: Model `cmy' substituted by `cmy0' on input line 1348.
Package xcolor Info: Model `hsb' substituted by `rgb' on input line 1352.
Package xcolor Info: Model `RGB' extended on input line 1364.
Package xcolor Info: Model `HTML' substituted by `rgb' on input line 1366.
Package xcolor Info: Model `Hsb' substituted by `hsb' on input line 1367.
Package xcolor Info: Model `tHsb' substituted by `hsb' on input line 1368.
Package xcolor Info: Model `HSB' substituted by `hsb' on input line 1369.
Package xcolor Info: Model `Gray' substituted by `gray' on input line 1370.
Package xcolor Info: Model `wave' substituted by `hsb' on input line 1371.
)
(/usr/share/texmf-dist/tex/generic/pgf/basiclayer/pgfcore.code.tex
Package: pgfcore 2010/04/11 v3.0.1a (rcs-revision 1.7)

(/usr/share/texmf-dist/tex/generic/pgf/math/pgfmath.code.tex
(/usr/share/texmf-dist/tex/generic/pgf/math/pgfmathcalc.code.tex
(/usr/share/texmf-dist/tex/generic/pgf/math/pgfmathutil.code.tex)
(/usr/share/texmf-dist/tex/generic/pgf/math/pgfmathparser.code.tex
\pgfmath@dimen=\dimen115
\pgfmath@count=\count94
\pgfmath@box=\box27
\pgfmath@toks=\toks22
\pgfmath@stack@operand=\toks23
\pgfmath@stack@operation=\toks24
)
(/usr/share/texmf-dist/tex/generic/pgf/math/pgfmathfunctions.code.tex
(/usr/share/texmf-dist/tex/generic/pgf/math/pgfmathfunctions.basic.code.tex)
(/usr/share/texmf-dist/tex/generic/pgf/math/pgfmathfunctions.trigonometric.code
.tex)
(/usr/share/texmf-dist/tex/generic/pgf/math/pgfmathfunctions.random.code.tex)
(/usr/share/texmf-dist/tex/generic/pgf/math/pgfmathfunctions.comparison.code.te
x) (/usr/share/texmf-dist/tex/generic/pgf/math/pgfmathfunctions.base.code.tex)
(/usr/share/texmf-dist/tex/generic/pgf/math/pgfmathfunctions.round.code.tex)
(/usr/share/texmf-dist/tex/generic/pgf/math/pgfmathfunctions.misc.code.tex)
(/usr/share/texmf-dist/tex/generic/pgf/math/pgfmathfunctions.integerarithmetics
.code.tex))) (/usr/share/texmf-dist/tex/generic/pgf/math/pgfmathfloat.code.tex
\c@pgfmathroundto@lastzeros=\count95
)) (/usr/share/texmf-dist/tex/generic/pgf/basiclayer/pgfcorepoints.code.tex
File: pgfcorepoints.code.tex 2013/10/07  (rcs-revision 1.27)
\pgf@picminx=\dimen116
\pgf@picmaxx=\dimen117
\pgf@picminy=\dimen118
\pgf@picmaxy=\dimen119
\pgf@pathminx=\dimen120
\pgf@pathmaxx=\dimen121
\pgf@pathminy=\dimen122
\pgf@pathmaxy=\dimen123
\pgf@xx=\dimen124
\pgf@xy=\dimen125
\pgf@yx=\dimen126
\pgf@yy=\dimen127
\pgf@zx=\dimen128
\pgf@zy=\dimen129
)
(/usr/share/texmf-dist/tex/generic/pgf/basiclayer/pgfcorepathconstruct.code.tex
File: pgfcorepathconstruct.code.tex 2013/10/07  (rcs-revision 1.29)
\pgf@path@lastx=\dimen130
\pgf@path@lasty=\dimen131
) (/usr/share/texmf-dist/tex/generic/pgf/basiclayer/pgfcorepathusage.code.tex
File: pgfcorepathusage.code.tex 2014/11/02  (rcs-revision 1.24)
\pgf@shorten@end@additional=\dimen132
\pgf@shorten@start@additional=\dimen133
)
(/usr/share/texmf-dist/tex/generic/pgf/basiclayer/pgfcorescopes.code.tex
File: pgfcorescopes.code.tex 2015/05/08  (rcs-revision 1.46)
\pgfpic=\box28
\pgf@hbox=\box29
\pgf@layerbox@main=\box30
\pgf@picture@serial@count=\count96
)
(/usr/share/texmf-dist/tex/generic/pgf/basiclayer/pgfcoregraphicstate.code.tex
File: pgfcoregraphicstate.code.tex 2014/11/02  (rcs-revision 1.12)
\pgflinewidth=\dimen134
)
(/usr/share/texmf-dist/tex/generic/pgf/basiclayer/pgfcoretransformations.code.t
ex
File: pgfcoretransformations.code.tex 2015/08/07  (rcs-revision 1.20)
\pgf@pt@x=\dimen135
\pgf@pt@y=\dimen136
\pgf@pt@temp=\dimen137
) (/usr/share/texmf-dist/tex/generic/pgf/basiclayer/pgfcorequick.code.tex
File: pgfcorequick.code.tex 2008/10/09  (rcs-revision 1.3)
)
(/usr/share/texmf-dist/tex/generic/pgf/basiclayer/pgfcoreobjects.code.tex
File: pgfcoreobjects.code.tex 2006/10/11  (rcs-revision 1.2)
)
(/usr/share/texmf-dist/tex/generic/pgf/basiclayer/pgfcorepathprocessing.code.te
x
File: pgfcorepathprocessing.code.tex 2013/09/09  (rcs-revision 1.9)
) (/usr/share/texmf-dist/tex/generic/pgf/basiclayer/pgfcorearrows.code.tex
File: pgfcorearrows.code.tex 2015/05/14  (rcs-revision 1.43)
\pgfarrowsep=\dimen138
)
(/usr/share/texmf-dist/tex/generic/pgf/basiclayer/pgfcoreshade.code.tex
File: pgfcoreshade.code.tex 2013/07/15  (rcs-revision 1.15)
\pgf@max=\dimen139
\pgf@sys@shading@range@num=\count97
)
(/usr/share/texmf-dist/tex/generic/pgf/basiclayer/pgfcoreimage.code.tex
File: pgfcoreimage.code.tex 2013/07/15  (rcs-revision 1.18)

(/usr/share/texmf-dist/tex/generic/pgf/basiclayer/pgfcoreexternal.code.tex
File: pgfcoreexternal.code.tex 2014/07/09  (rcs-revision 1.21)
\pgfexternal@startupbox=\box31
))
(/usr/share/texmf-dist/tex/generic/pgf/basiclayer/pgfcorelayers.code.tex
File: pgfcorelayers.code.tex 2013/07/18  (rcs-revision 1.7)
)
(/usr/share/texmf-dist/tex/generic/pgf/basiclayer/pgfcoretransparency.code.tex
File: pgfcoretransparency.code.tex 2013/09/30  (rcs-revision 1.5)
) (/usr/share/texmf-dist/tex/generic/pgf/basiclayer/pgfcorepatterns.code.tex
File: pgfcorepatterns.code.tex 2013/11/07  (rcs-revision 1.5)
)))
(/usr/share/texmf-dist/tex/generic/pgf/modules/pgfmoduleshapes.code.tex
File: pgfmoduleshapes.code.tex 2014/03/21  (rcs-revision 1.35)
\pgfnodeparttextbox=\box32
)
(/usr/share/texmf-dist/tex/generic/pgf/modules/pgfmoduleplot.code.tex
File: pgfmoduleplot.code.tex 2015/08/03  (rcs-revision 1.13)
)
(/usr/share/texmf-dist/tex/latex/pgf/compatibility/pgfcomp-version-0-65.sty
Package: pgfcomp-version-0-65 2007/07/03 v3.0.1a (rcs-revision 1.7)
\pgf@nodesepstart=\dimen140
\pgf@nodesepend=\dimen141
)
(/usr/share/texmf-dist/tex/latex/pgf/compatibility/pgfcomp-version-1-18.sty
Package: pgfcomp-version-1-18 2007/07/23 v3.0.1a (rcs-revision 1.1)
))
(/usr/share/texmf-dist/tex/latex/pgf/utilities/pgffor.sty
(/usr/share/texmf-dist/tex/latex/pgf/utilities/pgfkeys.sty
(/usr/share/texmf-dist/tex/generic/pgf/utilities/pgfkeys.code.tex))
(/usr/share/texmf-dist/tex/latex/pgf/math/pgfmath.sty
(/usr/share/texmf-dist/tex/generic/pgf/math/pgfmath.code.tex))
(/usr/share/texmf-dist/tex/generic/pgf/utilities/pgffor.code.tex
Package: pgffor 2013/12/13 v3.0.1a (rcs-revision 1.25)

(/usr/share/texmf-dist/tex/generic/pgf/math/pgfmath.code.tex)
\pgffor@iter=\dimen142
\pgffor@skip=\dimen143
\pgffor@stack=\toks25
\pgffor@toks=\toks26
))
(/usr/share/texmf-dist/tex/generic/pgf/frontendlayer/tikz/tikz.code.tex
Package: tikz 2015/08/07 v3.0.1a (rcs-revision 1.151)

(/usr/share/texmf-dist/tex/generic/pgf/libraries/pgflibraryplothandlers.code.te
x
File: pgflibraryplothandlers.code.tex 2013/08/31 v3.0.1a (rcs-revision 1.20)
\pgf@plot@mark@count=\count98
\pgfplotmarksize=\dimen144
)
\tikz@lastx=\dimen145
\tikz@lasty=\dimen146
\tikz@lastxsaved=\dimen147
\tikz@lastysaved=\dimen148
\tikzleveldistance=\dimen149
\tikzsiblingdistance=\dimen150
\tikz@figbox=\box33
\tikz@figbox@bg=\box34
\tikz@tempbox=\box35
\tikz@tempbox@bg=\box36
\tikztreelevel=\count99
\tikznumberofchildren=\count100
\tikznumberofcurrentchild=\count101
\tikz@fig@count=\count102
 (/usr/share/texmf-dist/tex/generic/pgf/modules/pgfmodulematrix.code.tex
File: pgfmodulematrix.code.tex 2013/09/17  (rcs-revision 1.8)
\pgfmatrixcurrentrow=\count103
\pgfmatrixcurrentcolumn=\count104
\pgf@matrix@numberofcolumns=\count105
)
\tikz@expandcount=\count106

(/usr/share/texmf-dist/tex/generic/pgf/frontendlayer/tikz/libraries/tikzlibrary
topaths.code.tex
File: tikzlibrarytopaths.code.tex 2008/06/17 v3.0.1a (rcs-revision 1.2)
)))
(/usr/share/texmf-dist/tex/generic/pgfplots/pgfplots.code.tex
(/usr/share/texmf-dist/tex/generic/pgfplots/pgfplotscore.code.tex
\t@pgfplots@toka=\toks27
\t@pgfplots@tokb=\toks28
\t@pgfplots@tokc=\toks29
\pgfplots@tmpa=\dimen151
\c@pgfplots@coordindex=\count107
\c@pgfplots@scanlineindex=\count108

(/usr/share/texmf-dist/tex/generic/pgfplots/sys/pgfplotssysgeneric.code.tex))
(/usr/share/texmf-dist/tex/generic/pgfplots/libs/pgfplotslibrary.code.tex)
(/usr/share/texmf-dist/tex/generic/pgfplots/oldpgfcompatib/pgfplotsoldpgfsupp_l
oader.code.tex
(/usr/share/texmf-dist/tex/generic/pgf/libraries/pgflibraryfpu.code.tex)
Package pgfplots: loading complementary arithmetics for your pgf version...

(/usr/share/texmf-dist/tex/generic/pgfplots/oldpgfcompatib/pgfplotsoldpgfsupp_p
gflibraryfpu.code.tex)
(/usr/share/texmf-dist/tex/generic/pgfplots/oldpgfcompatib/pgfplotsoldpgfsupp_p
gfmathfloat.code.tex
\c@pgfmathroundto@lastzeros=\count109
))
(/usr/share/texmf-dist/tex/generic/pgfplots/util/pgfplotsutil.code.tex
(/usr/share/texmf-dist/tex/generic/pgfplots/liststructure/pgfplotsliststructure
.code.tex)
(/usr/share/texmf-dist/tex/generic/pgfplots/liststructure/pgfplotsliststructure
ext.code.tex)
(/usr/share/texmf-dist/tex/generic/pgfplots/liststructure/pgfplotsarray.code.te
x
\c@pgfplotsarray@tmp=\count110
)
(/usr/share/texmf-dist/tex/generic/pgfplots/liststructure/pgfplotsmatrix.code.t
ex)
(/usr/share/texmf-dist/tex/generic/pgfplots/numtable/pgfplotstableshared.code.t
ex
\c@pgfplotstable@counta=\count111
\t@pgfplotstable@a=\toks30
)
(/usr/share/texmf-dist/tex/generic/pgfplots/liststructure/pgfplotsdeque.code.te
x) (/usr/share/texmf-dist/tex/generic/pgfplots/util/pgfplotsbinary.code.tex
(/usr/share/texmf-dist/tex/generic/pgfplots/util/pgfplotsbinary.data.code.tex))
(/usr/share/texmf-dist/tex/generic/pgfplots/util/pgfplotsutil.verb.code.tex)
(/usr/share/texmf-dist/tex/generic/pgfplots/libs/pgflibrarypgfplots.surfshading
.code.tex
\c@pgfplotslibrarysurf@no=\count112

(/usr/share/texmf-dist/tex/generic/pgfplots/sys/pgflibrarypgfplots.surfshading.
pgfsys-pdftex.def)))
(/usr/share/texmf-dist/tex/generic/pgfplots/util/pgfplotscolormap.code.tex
(/usr/share/texmf-dist/tex/generic/pgfplots/util/pgfplotscolor.code.tex))
(/usr/share/texmf-dist/tex/generic/pgfplots/pgfplotsstackedplots.code.tex)
(/usr/share/texmf-dist/tex/generic/pgfplots/pgfplotsplothandlers.code.tex
(/usr/share/texmf-dist/tex/generic/pgfplots/pgfplotsmeshplothandler.code.tex
(/usr/share/texmf-dist/tex/generic/pgfplots/pgfplotsmeshplotimage.code.tex)))
(/usr/share/texmf-dist/tex/generic/pgfplots/pgfplots.scaling.code.tex)
(/usr/share/texmf-dist/tex/generic/pgfplots/pgfplotscoordprocessing.code.tex)
(/usr/share/texmf-dist/tex/generic/pgfplots/pgfplots.errorbars.code.tex)
(/usr/share/texmf-dist/tex/generic/pgfplots/pgfplots.markers.code.tex)
(/usr/share/texmf-dist/tex/generic/pgfplots/pgfplotsticks.code.tex)
(/usr/share/texmf-dist/tex/generic/pgfplots/pgfplots.paths.code.tex)
(/usr/share/texmf-dist/tex/generic/pgf/frontendlayer/tikz/libraries/tikzlibrary
decorations.code.tex
(/usr/share/texmf-dist/tex/generic/pgf/modules/pgfmoduledecorations.code.tex
\pgfdecoratedcompleteddistance=\dimen152
\pgfdecoratedremainingdistance=\dimen153
\pgfdecoratedinputsegmentcompleteddistance=\dimen154
\pgfdecoratedinputsegmentremainingdistance=\dimen155
\pgf@decorate@distancetomove=\dimen156
\pgf@decorate@repeatstate=\count113
\pgfdecorationsegmentamplitude=\dimen157
\pgfdecorationsegmentlength=\dimen158
)
\tikz@lib@dec@box=\box37
)
(/usr/share/texmf-dist/tex/generic/pgf/frontendlayer/tikz/libraries/tikzlibrary
decorations.pathmorphing.code.tex
(/usr/share/texmf-dist/tex/generic/pgf/libraries/decorations/pgflibrarydecorati
ons.pathmorphing.code.tex))
(/usr/share/texmf-dist/tex/generic/pgf/frontendlayer/tikz/libraries/tikzlibrary
decorations.pathreplacing.code.tex
(/usr/share/texmf-dist/tex/generic/pgf/libraries/decorations/pgflibrarydecorati
ons.pathreplacing.code.tex))
\pgfplots@numplots=\count114
\pgfplots@xmin@reg=\dimen159
\pgfplots@xmax@reg=\dimen160
\pgfplots@ymin@reg=\dimen161
\pgfplots@ymax@reg=\dimen162
\pgfplots@zmin@reg=\dimen163
\pgfplots@zmax@reg=\dimen164
)
(/usr/share/texmf-dist/tex/generic/pgf/frontendlayer/tikz/libraries/tikzlibrary
plotmarks.code.tex
File: tikzlibraryplotmarks.code.tex 2008/01/09 v3.0.1a (rcs-revision 1.1)

(/usr/share/texmf-dist/tex/generic/pgf/libraries/pgflibraryplotmarks.code.tex
File: pgflibraryplotmarks.code.tex 2015/08/03 v3.0.1a (rcs-revision 1.14)
))) (/usr/share/texmf-dist/tex/latex/amsfonts/amsfonts.sty
Package: amsfonts 2013/01/14 v3.01 Basic AMSFonts support
\@emptytoks=\toks31
\symAMSa=\mathgroup4
\symAMSb=\mathgroup5
LaTeX Font Info:    Overwriting math alphabet `\mathfrak' in version `bold'
(Font)                  U/euf/m/n --> U/euf/b/n on input line 106.
)
(/usr/share/texmf-dist/tex/generic/xypic/xy.sty
(/usr/share/texmf-dist/tex/generic/xypic/xy.tex Bootstrap'ing: catcodes,
docmode, (/usr/share/texmf-dist/tex/generic/xypic/xyrecat.tex)
(/usr/share/texmf-dist/tex/generic/xypic/xyidioms.tex)

 Xy-pic version 3.8.9 <2013/10/06>
 Copyright (c) 1991-2013 by Kristoffer H. Rose <krisrose@tug.org> and others
 Xy-pic is free software: see the User's Guide for details.

Loading kernel: messages; fonts; allocations: state,
\X@c=\dimen165
\Y@c=\dimen166
\U@c=\dimen167
\D@c=\dimen168
\L@c=\dimen169
\R@c=\dimen170
\Edge@c=\toks32
\X@p=\dimen171
\Y@p=\dimen172
\U@p=\dimen173
\D@p=\dimen174
\L@p=\dimen175
\R@p=\dimen176
\Edge@p=\toks33
\X@origin=\dimen177
\Y@origin=\dimen178
\X@xbase=\dimen179
\Y@xbase=\dimen180
\X@ybase=\dimen181
\Y@ybase=\dimen182
\X@min=\dimen183
\Y@min=\dimen184
\X@max=\dimen185
\Y@max=\dimen186
\lastobjectbox@=\box38
\zerodotbox@=\box39
\almostz@=\dimen187
 direction,
\d@X=\dimen188
\d@Y=\dimen189
\K@=\count115
\KK@=\count116
\Direction=\count117
\K@dXdY=\dimen190
\K@dYdX=\dimen191
\xyread@=\read2
\xywrite@=\write4
\csp@=\count118
\quotPTK@=\dimen192

utility macros; pictures: \xy, positions,
\swaptoks@@=\toks34
\connectobjectbox@@=\box40
 objects,
\styletoks@=\toks35
 decorations;
kernel objects: directionals, circles, text; options; algorithms: directions,
edges, connections;  Xy-pic loaded)
(/usr/share/texmf-dist/tex/generic/oberdiek/ifpdf.sty
Package: ifpdf 2017/03/15 v3.2 Provides the ifpdf switch
)
Package: xy 2013/10/06 Xy-pic version 3.8.9

(/usr/share/texmf-dist/tex/generic/xypic/xyall.tex
 Xy-pic option: All features v.3.8
(/usr/share/texmf-dist/tex/generic/xypic/xycurve.tex
 Xy-pic option: Curve and Spline extension v.3.12 curve,
\crv@cnt@=\count119
\crvpts@=\toks36
\splinebox@=\box41
\splineval@=\dimen193
\splinedepth@=\dimen194
\splinetol@=\dimen195
\splinelength@=\dimen196
 circles,
\L@=\dimen197
 loaded)
(/usr/share/texmf-dist/tex/generic/xypic/xyframe.tex
 Xy-pic option: Frame and Bracket extension v.3.14 loaded)
(/usr/share/texmf-dist/tex/generic/xypic/xycmtip.tex
 Xy-pic option: Computer Modern tip extension v.3.7
(/usr/share/texmf-dist/tex/generic/xypic/xytips.tex
 Xy-pic option: More Tips extension v.3.11 loaded) loaded)
(/usr/share/texmf-dist/tex/generic/xypic/xyline.tex
 Xy-pic option: Line styles extension v.3.10
\xylinethick@=\dimen198
 loaded)
(/usr/share/texmf-dist/tex/generic/xypic/xyrotate.tex
 Xy-pic option: Rotate and Scale extension v.3.8 loaded)
(/usr/share/texmf-dist/tex/generic/xypic/xycolor.tex
 Xy-pic option: Colour extension v.3.11 loaded)
(/usr/share/texmf-dist/tex/generic/xypic/xymatrix.tex
 Xy-pic option: Matrix feature v.3.14
\Row=\count120
\Col=\count121
\queue@=\toks37
\queue@@=\toks38
\qcount@=\count122
\qcount@@=\count123
\matrixsize@=\count124
 loaded)
(/usr/share/texmf-dist/tex/generic/xypic/xyarrow.tex
 Xy-pic option: Arrow and Path feature v.3.9 path, \ar, loaded)
(/usr/share/texmf-dist/tex/generic/xypic/xygraph.tex
 Xy-pic option: Graph feature v.3.11 loaded) loaded)
(/usr/share/texmf-dist/tex/generic/xypic/xypdf.tex
 Xy-pic option: PDF driver v.1.9 Xy-pic pdf driver: `color' extension support
(/usr/share/texmf-dist/tex/generic/xypic/xypdf-co.tex loaded)
Xy-pic pdf driver: `curve' extension support
(/usr/share/texmf-dist/tex/generic/xypic/xypdf-cu.tex loaded)
Xy-pic pdf driver: `frame' extension support
(/usr/share/texmf-dist/tex/generic/xypic/xypdf-fr.tex loaded)
Xy-pic pdf driver: `line' extension support
(/usr/share/texmf-dist/tex/generic/xypic/xypdf-li.tex loaded)
Xy-pic pdf driver: `rotate' extension support
(/usr/share/texmf-dist/tex/generic/xypic/xypdf-ro.tex loaded) loaded))
(/usr/share/texmf-dist/tex/latex/amsmath/amsmath.sty
Package: amsmath 2016/11/05 v2.16a AMS math features
\@mathmargin=\skip43

For additional information on amsmath, use the `?' option.
(/usr/share/texmf-dist/tex/latex/amsmath/amstext.sty
Package: amstext 2000/06/29 v2.01 AMS text

(/usr/share/texmf-dist/tex/latex/amsmath/amsgen.sty
File: amsgen.sty 1999/11/30 v2.0 generic functions
\@emptytoks=\toks39
\ex@=\dimen199
))
(/usr/share/texmf-dist/tex/latex/amsmath/amsbsy.sty
Package: amsbsy 1999/11/29 v1.2d Bold Symbols
\pmbraise@=\dimen256
)
(/usr/share/texmf-dist/tex/latex/amsmath/amsopn.sty
Package: amsopn 2016/03/08 v2.02 operator names
)
\inf@bad=\count125
LaTeX Info: Redefining \frac on input line 213.
\uproot@=\count126
\leftroot@=\count127
LaTeX Info: Redefining \overline on input line 375.
\classnum@=\count128
\DOTSCASE@=\count129
LaTeX Info: Redefining \ldots on input line 472.
LaTeX Info: Redefining \dots on input line 475.
LaTeX Info: Redefining \cdots on input line 596.
\Mathstrutbox@=\box42
\strutbox@=\box43
\big@size=\dimen257
LaTeX Font Info:    Redeclaring font encoding OML on input line 712.
LaTeX Font Info:    Redeclaring font encoding OMS on input line 713.
\macc@depth=\count130
\c@MaxMatrixCols=\count131
\dotsspace@=\muskip10
\c@parentequation=\count132
\dspbrk@lvl=\count133
\tag@help=\toks40
\row@=\count134
\column@=\count135
\maxfields@=\count136
\andhelp@=\toks41
\eqnshift@=\dimen258
\alignsep@=\dimen259
\tagshift@=\dimen260
\tagwidth@=\dimen261
\totwidth@=\dimen262
\lineht@=\dimen263
\@envbody=\toks42
\multlinegap=\skip44
\multlinetaggap=\skip45
\mathdisplay@stack=\toks43
LaTeX Info: Redefining \[ on input line 2817.
LaTeX Info: Redefining \] on input line 2818.
)
(/usr/share/texmf-dist/tex/latex/amsfonts/amssymb.sty
Package: amssymb 2013/01/14 v3.01 AMS font symbols
)
(/usr/share/texmf-dist/tex/latex/forest/forest.sty
Package: forest 2017/07/14 v2.1.5 Drawing (linguistic) trees

(/usr/share/texmf-dist/tex/generic/pgf/frontendlayer/tikz/libraries/tikzlibrary
shapes.code.tex
File: tikzlibraryshapes.code.tex 2008/01/09 v3.0.1a (rcs-revision 1.1)

(/usr/share/texmf-dist/tex/generic/pgf/frontendlayer/tikz/libraries/tikzlibrary
shapes.geometric.code.tex
File: tikzlibraryshapes.geometric.code.tex 2008/01/09 v3.0.1a (rcs-revision 1.1
)

(/usr/share/texmf-dist/tex/generic/pgf/libraries/shapes/pgflibraryshapes.geomet
ric.code.tex
File: pgflibraryshapes.geometric.code.tex 2008/06/26 v3.0.1a (rcs-revision 1.1)

))
(/usr/share/texmf-dist/tex/generic/pgf/frontendlayer/tikz/libraries/tikzlibrary
shapes.misc.code.tex
File: tikzlibraryshapes.misc.code.tex 2008/01/09 v3.0.1a (rcs-revision 1.1)

(/usr/share/texmf-dist/tex/generic/pgf/libraries/shapes/pgflibraryshapes.misc.c
ode.tex
File: pgflibraryshapes.misc.code.tex 2013/07/18 v3.0.1a (rcs-revision 1.5)
))
(/usr/share/texmf-dist/tex/generic/pgf/frontendlayer/tikz/libraries/tikzlibrary
shapes.symbols.code.tex
File: tikzlibraryshapes.symbols.code.tex 2008/01/09 v3.0.1a (rcs-revision 1.1)

(/usr/share/texmf-dist/tex/generic/pgf/libraries/shapes/pgflibraryshapes.symbol
s.code.tex
File: pgflibraryshapes.symbols.code.tex 2013/09/11 v3.0.1a (rcs-revision 1.6)
))
(/usr/share/texmf-dist/tex/generic/pgf/frontendlayer/tikz/libraries/tikzlibrary
shapes.arrows.code.tex
File: tikzlibraryshapes.arrows.code.tex 2008/01/09 v3.0.1a (rcs-revision 1.1)

(/usr/share/texmf-dist/tex/generic/pgf/libraries/shapes/pgflibraryshapes.arrows
.code.tex
File: pgflibraryshapes.arrows.code.tex 2008/06/26 v3.0.1a (rcs-revision 1.1)
))
(/usr/share/texmf-dist/tex/generic/pgf/frontendlayer/tikz/libraries/tikzlibrary
shapes.callouts.code.tex
(/usr/share/texmf-dist/tex/generic/pgf/libraries/shapes/pgflibraryshapes.callou
ts.code.tex))
(/usr/share/texmf-dist/tex/generic/pgf/frontendlayer/tikz/libraries/tikzlibrary
shapes.multipart.code.tex
File: tikzlibraryshapes.multipart.code.tex 2008/01/09 v3.0.1a (rcs-revision 1.1
)

(/usr/share/texmf-dist/tex/generic/pgf/libraries/shapes/pgflibraryshapes.multip
art.code.tex
File: pgflibraryshapes.multipart.code.tex 2010/01/07 v3.0.1a (rcs-revision 1.2)

\pgfnodepartlowerbox=\box44
\pgfnodeparttwobox=\box45
\pgfnodepartthreebox=\box46
\pgfnodepartfourbox=\box47
\pgfnodeparttwentybox=\box48
\pgfnodepartnineteenbox=\box49
\pgfnodeparteighteenbox=\box50
\pgfnodepartseventeenbox=\box51
\pgfnodepartsixteenbox=\box52
\pgfnodepartfifteenbox=\box53
\pgfnodepartfourteenbox=\box54
\pgfnodepartthirteenbox=\box55
\pgfnodeparttwelvebox=\box56
\pgfnodepartelevenbox=\box57
\pgfnodeparttenbox=\box58
\pgfnodepartninebox=\box59
\pgfnodeparteightbox=\box60
\pgfnodepartsevenbox=\box61
\pgfnodepartsixbox=\box62
\pgfnodepartfivebox=\box63
)))
(/usr/share/texmf-dist/tex/generic/pgf/frontendlayer/tikz/libraries/tikzlibrary
fit.code.tex
File: tikzlibraryfit.code.tex 2013/07/12 v3.0.1a (rcs-revision 1.5)
)
(/usr/share/texmf-dist/tex/generic/pgf/frontendlayer/tikz/libraries/tikzlibrary
calc.code.tex
File: tikzlibrarycalc.code.tex 2013/07/15 v3.0.1a (rcs-revision 1.9)
)
(/usr/share/texmf-dist/tex/generic/pgf/libraries/pgflibraryintersections.code.t
ex
\pgf@intersect@solutions=\count137
) (/usr/share/texmf-dist/tex/latex/pgfopts/pgfopts.sty
Package: pgfopts 2014/07/10 v2.1a LaTeX package options with pgfkeys
\pgfopts@list@add@a@toks=\toks44
\pgfopts@list@add@b@toks=\toks45
)
(/usr/share/texmf-dist/tex/latex/etoolbox/etoolbox.sty
Package: etoolbox 2017/01/02 v2.4 e-TeX tools for LaTeX (JAW)
\etb@tempcnta=\count138
)
(/usr/share/texmf-dist/tex/latex/elocalloc/elocalloc.sty
Package: elocalloc 2016/12/15 v0.03 local allocation for LaTeX 2015+ (DPC)
)
(/usr/share/texmf-dist/tex/latex/environ/environ.sty
Package: environ 2014/05/04 v0.3 A new way to define environments

(/usr/share/texmf-dist/tex/latex/trimspaces/trimspaces.sty
Package: trimspaces 2009/09/17 v1.1 Trim spaces around a token list
))
(/usr/share/texmf-dist/tex/latex/l3packages/xparse/xparse.sty
(/usr/share/texmf-dist/tex/latex/l3kernel/expl3.sty
Package: expl3 2017/07/19 L3 programming layer (loader) 

(/usr/share/texmf-dist/tex/latex/l3kernel/expl3-code.tex
Package: expl3 2017/07/19 L3 programming layer (code)
\c_max_int=\count139
\l_tmpa_int=\count140
\l_tmpb_int=\count141
\g_tmpa_int=\count142
\g_tmpb_int=\count143
\g__intarray_font_int=\count144
\g__prg_map_int=\count145
\c_log_iow=\count146
\l_iow_line_count_int=\count147
\l__iow_line_target_int=\count148
\l__iow_one_indent_int=\count149
\l__iow_indent_int=\count150
\c_zero_dim=\dimen264
\c_max_dim=\dimen265
\l_tmpa_dim=\dimen266
\l_tmpb_dim=\dimen267
\g_tmpa_dim=\dimen268
\g_tmpb_dim=\dimen269
\c_zero_skip=\skip46
\c_max_skip=\skip47
\l_tmpa_skip=\skip48
\l_tmpb_skip=\skip49
\g_tmpa_skip=\skip50
\g_tmpb_skip=\skip51
\c_zero_muskip=\muskip11
\c_max_muskip=\muskip12
\l_tmpa_muskip=\muskip13
\l_tmpb_muskip=\muskip14
\g_tmpa_muskip=\muskip15
\g_tmpb_muskip=\muskip16
\l_keys_choice_int=\count151
\c__fp_leading_shift_int=\count152
\c__fp_middle_shift_int=\count153
\c__fp_trailing_shift_int=\count154
\c__fp_big_leading_shift_int=\count155
\c__fp_big_middle_shift_int=\count156
\c__fp_big_trailing_shift_int=\count157
\c__fp_Bigg_leading_shift_int=\count158
\c__fp_Bigg_middle_shift_int=\count159
\c__fp_Bigg_trailing_shift_int=\count160
\c__fp_rand_size_int=\count161
\c__fp_rand_four_int=\count162
\c__fp_rand_eight_int=\count163
\l__sort_length_int=\count164
\l__sort_min_int=\count165
\l__sort_top_int=\count166
\l__sort_max_int=\count167
\l__sort_true_max_int=\count168
\l__sort_block_int=\count169
\l__sort_begin_int=\count170
\l__sort_end_int=\count171
\l__sort_A_int=\count172
\l__sort_B_int=\count173
\l__sort_C_int=\count174
\l__tl_build_start_index_int=\count175
\l__tl_build_index_int=\count176
\l__tl_analysis_normal_int=\count177
\l__tl_analysis_index_int=\count178
\l__tl_analysis_nesting_int=\count179
\l__tl_analysis_type_int=\count180
\l__regex_internal_a_int=\count181
\l__regex_internal_b_int=\count182
\l__regex_internal_c_int=\count183
\l__regex_balance_int=\count184
\l__regex_group_level_int=\count185
\l__regex_mode_int=\count186
\c__regex_cs_in_class_mode_int=\count187
\c__regex_cs_mode_int=\count188
\l__regex_catcodes_int=\count189
\l__regex_default_catcodes_int=\count190
\c__regex_catcode_D_int=\count191
\c__regex_catcode_S_int=\count192
\c__regex_catcode_L_int=\count193
\c__regex_catcode_O_int=\count194
\c__regex_catcode_A_int=\count195
\c__regex_all_catcodes_int=\count196
\l__regex_show_lines_int=\count197
\l__regex_min_state_int=\count198
\l__regex_max_state_int=\count199
\l__regex_left_state_int=\count266
\l__regex_right_state_int=\count267
\l__regex_capturing_group_int=\count268
\l__regex_min_pos_int=\count269
\l__regex_max_pos_int=\count270
\l__regex_curr_pos_int=\count271
\l__regex_start_pos_int=\count272
\l__regex_success_pos_int=\count273
\l__regex_curr_char_int=\count274
\l__regex_curr_catcode_int=\count275
\l__regex_last_char_int=\count276
\l__regex_case_changed_char_int=\count277
\l__regex_curr_state_int=\count278
\l__regex_step_int=\count279
\l__regex_min_active_int=\count280
\l__regex_max_active_int=\count281
\l__regex_replacement_csnames_int=\count282
\l__regex_match_count_int=\count283
\l__regex_min_submatch_int=\count284
\l__regex_submatch_int=\count285
\l__regex_zeroth_submatch_int=\count286
\g__debug_trace_regex_int=\count287
\c_empty_box=\box64
\l_tmpa_box=\box65
\l_tmpb_box=\box66
\g_tmpa_box=\box67
\g_tmpb_box=\box68
\l__box_top_dim=\dimen270
\l__box_bottom_dim=\dimen271
\l__box_left_dim=\dimen272
\l__box_right_dim=\dimen273
\l__box_top_new_dim=\dimen274
\l__box_bottom_new_dim=\dimen275
\l__box_left_new_dim=\dimen276
\l__box_right_new_dim=\dimen277
\l__box_internal_box=\box69
\l__coffin_internal_box=\box70
\l__coffin_internal_dim=\dimen278
\l__coffin_offset_x_dim=\dimen279
\l__coffin_offset_y_dim=\dimen280
\l__coffin_x_dim=\dimen281
\l__coffin_y_dim=\dimen282
\l__coffin_x_prime_dim=\dimen283
\l__coffin_y_prime_dim=\dimen284
\c_empty_coffin=\box71
\l__coffin_aligned_coffin=\box72
\l__coffin_aligned_internal_coffin=\box73
\l_tmpa_coffin=\box74
\l_tmpb_coffin=\box75
\l__coffin_display_coffin=\box76
\l__coffin_display_coord_coffin=\box77
\l__coffin_display_pole_coffin=\box78
\l__coffin_display_offset_dim=\dimen285
\l__coffin_display_x_dim=\dimen286
\l__coffin_display_y_dim=\dimen287
\l__coffin_bounding_shift_dim=\dimen288
\l__coffin_left_corner_dim=\dimen289
\l__coffin_right_corner_dim=\dimen290
\l__coffin_bottom_corner_dim=\dimen291
\l__coffin_top_corner_dim=\dimen292
\l__coffin_scaled_total_height_dim=\dimen293
\l__coffin_scaled_width_dim=\dimen294
)
(/usr/share/texmf-dist/tex/latex/l3kernel/l3pdfmode.def
File: l3pdfmode.def 2017/03/18 v L3 Experimental driver: PDF mode
\l__driver_color_stack_int=\count288
\l__driver_tmp_box=\box79
))
Package: xparse 2017/07/19 L3 Experimental document command parser
\l__xparse_current_arg_int=\count289
\g__xparse_grabber_int=\count290
\l__xparse_m_args_int=\count291
\l__xparse_mandatory_args_int=\count292
\l__xparse_v_nesting_int=\count293
)
(/usr/share/texmf-dist/tex/latex/inlinedef/inlinedef.sty
Package: inlinedef 2008/07/10 v1.0 Inlined expansions within definitions
\ID@toks=\toks46
\ID@count=\count294
)
\ID@usercommands=\toks47
.................................................
. LaTeX info: "xparse/define-command"
. 
. Defining command \useforestlibrary with sig. 's O{} m' on line 166.
.................................................
.................................................
. LaTeX info: "xparse/define-command"
. 
. Defining command \ProvidesForestLibrary with sig. 'm O{}' on line 176.
.................................................
\safeloop@depth=\count295
\safeRKloop@depth=\count296
\forest@temp@dimen=\dimen295
\forest@temp@count=\count297
\forest@n=\count298
\forest@temp@global@count=\count299
\forest@temp@toks=\toks48
\forest@temparray@M=\count300
\forest@temparray@N=\count301
\forest@global@temparray@M=\count302
\forest@global@temparray@N=\count303
\forest@isnum@count=\count304
\forest@isdim@nonintpart=\count305
\forest@isdim@dimen=\dimen296
\forest@sort@m=\count306
\forest@sort@k=\count307
\forest@sort@p=\count308
\bracket@content=\toks49
\bracket@afterthought=\toks50
\forest@node@maxid=\count309
.................................................
. LaTeX info: "xparse/define-command"
. 
. Defining command \forestdebugtypeouttrees with sig. 'o' on line 2303.
.................................................
.................................................
. LaTeX info: "xparse/define-command"
. 
. Defining command \forestdebugtypeouttree with sig. 'd() O{\forest@cn }' on
. line 2348.
.................................................
\forest@process@left@M=\count310
\forest@process@left@N=\count311
\forest@process@right@M=\count312
\forest@process@right@N=\count313
\forest@process@saved@M=\count314
\forest@process@saved@N=\count315
\forest@process@result@M=\count316
\forest@process@result@N=\count317
\forest@process@n=\count318
\forest@nodewalk@branch@toks=\toks51
\forest@nodewalk@shortsteps@resolution=\toks52
\forest@do@dynamics=\toks53
\forest@box=\box80
\forest@xg=\dimen297
\forest@yg=\dimen298
\forest@xs=\dimen299
\forest@ys=\dimen300
\forest@pi@toks=\toks54
\forest@segment@toks=\toks55
\forest@PIi@toks=\toks56
\forest@PIii@toks=\toks57
\forest@copy@in=\read3
\forest@copy@out=\write5
.................................................
. LaTeX info: "xparse/define-environment"
. 
. Defining environment 'forest' with sig. 'D(){}' on line 8510.
.................................................
.................................................
. LaTeX info: "xparse/define-command"
. 
. Defining command \Forest with sig. 's D(){} m' on line 8515.
.................................................
\forest@externalize@max@outer@n=\count319
\forest@externalize@inner@n=\count320
)
(/usr/share/texmf-dist/tex/latex/caption/caption.sty
Package: caption 2016/02/21 v3.3-144 Customizing captions (AR)

(/usr/share/texmf-dist/tex/latex/caption/caption3.sty
Package: caption3 2016/05/22 v1.7-166 caption3 kernel (AR)
Package caption3 Info: TeX engine: e-TeX on input line 67.
\captionmargin=\dimen301
\captionmargin@=\dimen302
\captionwidth=\dimen303
\caption@tempdima=\dimen304
\caption@indent=\dimen305
\caption@parindent=\dimen306
\caption@hangindent=\dimen307
)
\c@ContinuedFloat=\count321
)
(/usr/share/texmf-dist/tex/latex/listings/listings.sty
\lst@mode=\count322
\lst@gtempboxa=\box81
\lst@token=\toks58
\lst@length=\count323
\lst@currlwidth=\dimen308
\lst@column=\count324
\lst@pos=\count325
\lst@lostspace=\dimen309
\lst@width=\dimen310
\lst@newlines=\count326
\lst@lineno=\count327
\lst@maxwidth=\dimen311

(/usr/share/texmf-dist/tex/latex/listings/lstmisc.sty
File: lstmisc.sty 2015/06/04 1.6 (Carsten Heinz)
\c@lstnumber=\count328
\lst@skipnumbers=\count329
\lst@framebox=\box82
)
(/usr/share/texmf-dist/tex/latex/listings/listings.cfg
File: listings.cfg 2015/06/04 1.6 listings configuration
))
Package: listings 2015/06/04 1.6 (Carsten Heinz)

(/usr/share/texmf-dist/tex/latex/hyperref/hyperref.sty
Package: hyperref 2017/03/14 v6.85a Hypertext links for LaTeX

(/usr/share/texmf-dist/tex/generic/oberdiek/hobsub-hyperref.sty
Package: hobsub-hyperref 2016/05/16 v1.14 Bundle oberdiek, subset hyperref (HO)


(/usr/share/texmf-dist/tex/generic/oberdiek/hobsub-generic.sty
Package: hobsub-generic 2016/05/16 v1.14 Bundle oberdiek, subset generic (HO)
Package: hobsub 2016/05/16 v1.14 Construct package bundles (HO)
Package: infwarerr 2016/05/16 v1.4 Providing info/warning/error messages (HO)
Package: ltxcmds 2016/05/16 v1.23 LaTeX kernel commands for general use (HO)
Package: ifluatex 2016/05/16 v1.4 Provides the ifluatex switch (HO)
Package ifluatex Info: LuaTeX not detected.
Package: ifvtex 2016/05/16 v1.6 Detect VTeX and its facilities (HO)
Package ifvtex Info: VTeX not detected.
Package: intcalc 2016/05/16 v1.2 Expandable calculations with integers (HO)
Package hobsub Info: Skipping package `ifpdf' (already loaded).
Package: etexcmds 2016/05/16 v1.6 Avoid name clashes with e-TeX commands (HO)
Package etexcmds Info: Could not find \expanded.
(etexcmds)             That can mean that you are not using pdfTeX 1.50 or
(etexcmds)             that some package has redefined \expanded.
(etexcmds)             In the latter case, load this package earlier.
Package: kvsetkeys 2016/05/16 v1.17 Key value parser (HO)
Package: kvdefinekeys 2016/05/16 v1.4 Define keys (HO)
Package: pdftexcmds 2017/03/19 v0.25 Utility functions of pdfTeX for LuaTeX (HO
)
Package pdftexcmds Info: LuaTeX not detected.
Package pdftexcmds Info: \pdf@primitive is available.
Package pdftexcmds Info: \pdf@ifprimitive is available.
Package pdftexcmds Info: \pdfdraftmode found.
Package: pdfescape 2016/05/16 v1.14 Implements pdfTeX's escape features (HO)
Package: bigintcalc 2016/05/16 v1.4 Expandable calculations on big integers (HO
)
Package: bitset 2016/05/16 v1.2 Handle bit-vector datatype (HO)
Package: uniquecounter 2016/05/16 v1.3 Provide unlimited unique counter (HO)
)
Package hobsub Info: Skipping package `hobsub' (already loaded).
Package: letltxmacro 2016/05/16 v1.5 Let assignment for LaTeX macros (HO)
Package: hopatch 2016/05/16 v1.3 Wrapper for package hooks (HO)
Package: xcolor-patch 2016/05/16 xcolor patch
Package: atveryend 2016/05/16 v1.9 Hooks at the very end of document (HO)
Package: atbegshi 2016/06/09 v1.18 At begin shipout hook (HO)
Package: refcount 2016/05/16 v3.5 Data extraction from label references (HO)
Package: hycolor 2016/05/16 v1.8 Color options for hyperref/bookmark (HO)
)
(/usr/share/texmf-dist/tex/generic/ifxetex/ifxetex.sty
Package: ifxetex 2010/09/12 v0.6 Provides ifxetex conditional
)
(/usr/share/texmf-dist/tex/latex/oberdiek/auxhook.sty
Package: auxhook 2016/05/16 v1.4 Hooks for auxiliary files (HO)
)
(/usr/share/texmf-dist/tex/latex/oberdiek/kvoptions.sty
Package: kvoptions 2016/05/16 v3.12 Key value format for package options (HO)
)
\@linkdim=\dimen312
\Hy@linkcounter=\count330
\Hy@pagecounter=\count331

(/usr/share/texmf-dist/tex/latex/hyperref/pd1enc.def
File: pd1enc.def 2017/03/14 v6.85a Hyperref: PDFDocEncoding definition (HO)
)
\Hy@SavedSpaceFactor=\count332

(/usr/share/texmf-dist/tex/latex/latexconfig/hyperref.cfg
File: hyperref.cfg 2002/06/06 v1.2 hyperref configuration of TeXLive
)
Package hyperref Info: Hyper figures OFF on input line 4498.
Package hyperref Info: Link nesting OFF on input line 4503.
Package hyperref Info: Hyper index ON on input line 4506.
Package hyperref Info: Plain pages OFF on input line 4513.
Package hyperref Info: Backreferencing OFF on input line 4518.
Package hyperref Info: Implicit mode ON; LaTeX internals redefined.
Package hyperref Info: Bookmarks ON on input line 4751.
\c@Hy@tempcnt=\count333

(/usr/share/texmf-dist/tex/latex/url/url.sty
\Urlmuskip=\muskip17
Package: url 2013/09/16  ver 3.4  Verb mode for urls, etc.
)
LaTeX Info: Redefining \url on input line 5104.
\XeTeXLinkMargin=\dimen313
\Fld@menulength=\count334
\Field@Width=\dimen314
\Fld@charsize=\dimen315
Package hyperref Info: Hyper figures OFF on input line 6358.
Package hyperref Info: Link nesting OFF on input line 6363.
Package hyperref Info: Hyper index ON on input line 6366.
Package hyperref Info: backreferencing OFF on input line 6373.
Package hyperref Info: Link coloring OFF on input line 6378.
Package hyperref Info: Link coloring with OCG OFF on input line 6383.
Package hyperref Info: PDF/A mode OFF on input line 6388.
LaTeX Info: Redefining \ref on input line 6428.
LaTeX Info: Redefining \pageref on input line 6432.
\Hy@abspage=\count335
\c@Item=\count336
\c@Hfootnote=\count337
)

Package hyperref Message: Driver (autodetected): hpdftex.

(/usr/share/texmf-dist/tex/latex/hyperref/hpdftex.def
File: hpdftex.def 2017/03/14 v6.85a Hyperref driver for pdfTeX
\Fld@listcount=\count338
\c@bookmark@seq@number=\count339

(/usr/share/texmf-dist/tex/latex/oberdiek/rerunfilecheck.sty
Package: rerunfilecheck 2016/05/16 v1.8 Rerun checks for auxiliary files (HO)
Package uniquecounter Info: New unique counter `rerunfilecheck' on input line 2
82.
)
\Hy@SectionHShift=\skip52
)
(/usr/share/texmf-dist/tex/latex/float/float.sty
Package: float 2001/11/08 v1.3d Float enhancements (AL)
\c@float@type=\count340
\float@exts=\toks59
\float@box=\box83
\@float@everytoks=\toks60
\@floatcapt=\box84
)
(/usr/share/texmf-dist/tex/generic/pgf/frontendlayer/tikz/libraries/tikzlibrary
er.code.tex
File: tikzlibraryer.code.tex 2008/02/20 v3.0.1a (rcs-revision 1.2)
)
(/usr/share/texmf-dist/tex/generic/pgf/frontendlayer/tikz/libraries/tikzlibrary
positioning.code.tex
File: tikzlibrarypositioning.code.tex 2008/10/06 v3.0.1a (rcs-revision 1.7)
) (./Manual_setup_raspberry_pi_Monitoring_Box.aux)
\openout1 = `Manual_setup_raspberry_pi_Monitoring_Box.aux'.

LaTeX Font Info:    Checking defaults for OML/cmm/m/it on input line 22.
LaTeX Font Info:    ... okay on input line 22.
LaTeX Font Info:    Checking defaults for T1/cmr/m/n on input line 22.
LaTeX Font Info:    ... okay on input line 22.
LaTeX Font Info:    Checking defaults for OT1/cmr/m/n on input line 22.
LaTeX Font Info:    ... okay on input line 22.
LaTeX Font Info:    Checking defaults for OMS/cmsy/m/n on input line 22.
LaTeX Font Info:    ... okay on input line 22.
LaTeX Font Info:    Checking defaults for OMX/cmex/m/n on input line 22.
LaTeX Font Info:    ... okay on input line 22.
LaTeX Font Info:    Checking defaults for U/cmr/m/n on input line 22.
LaTeX Font Info:    ... okay on input line 22.
LaTeX Font Info:    Checking defaults for PD1/pdf/m/n on input line 22.
LaTeX Font Info:    ... okay on input line 22.

(/usr/share/texmf-dist/tex/context/base/mkii/supp-pdf.mkii
[Loading MPS to PDF converter (version 2006.09.02).]
\scratchcounter=\count341
\scratchdimen=\dimen316
\scratchbox=\box85
\nofMPsegments=\count342
\nofMParguments=\count343
\everyMPshowfont=\toks61
\MPscratchCnt=\count344
\MPscratchDim=\dimen317
\MPnumerator=\count345
\makeMPintoPDFobject=\count346
\everyMPtoPDFconversion=\toks62
) (/usr/share/texmf-dist/tex/latex/oberdiek/epstopdf-base.sty
Package: epstopdf-base 2016/05/15 v2.6 Base part for package epstopdf

(/usr/share/texmf-dist/tex/latex/oberdiek/grfext.sty
Package: grfext 2016/05/16 v1.2 Manage graphics extensions (HO)
)
Package epstopdf-base Info: Redefining graphics rule for `.eps' on input line 4
38.
Package grfext Info: Graphics extension search list:
(grfext)             [.pdf,.png,.jpg,.mps,.jpeg,.jbig2,.jb2,.PDF,.PNG,.JPG,.JPE
G,.JBIG2,.JB2,.eps]
(grfext)             \AppendGraphicsExtensions on input line 456.

(/usr/share/texmf-dist/tex/latex/latexconfig/epstopdf-sys.cfg
File: epstopdf-sys.cfg 2010/07/13 v1.3 Configuration of (r)epstopdf for TeX Liv
e
))
ABD: EveryShipout initializing macros

Package pgfplots Warning: running in backwards compatibility mode (unsuitable t
ick labels; missing features). Consider writing \pgfplotsset{compat=1.15} into 
your preamble.
 on input line 22.

LaTeX Font Info:    Try loading font information for U+msa on input line 22.
(/usr/share/texmf-dist/tex/latex/amsfonts/umsa.fd
File: umsa.fd 2013/01/14 v3.01 AMS symbols A
)
LaTeX Font Info:    Try loading font information for U+msb on input line 22.

(/usr/share/texmf-dist/tex/latex/amsfonts/umsb.fd
File: umsb.fd 2013/01/14 v3.01 AMS symbols B
)
Package xypdf Info: Line width: 0.43799pt on input line 22.
Package caption Info: Begin \AtBeginDocument code.
Package caption Info: float package is loaded.
Package caption Info: hyperref package is loaded.
Package caption Info: listings package is loaded.
Package caption Info: End \AtBeginDocument code.
\c@lstlisting=\count347
\AtBeginShipoutBox=\box86
Package hyperref Info: Link coloring OFF on input line 22.

(/usr/share/texmf-dist/tex/latex/hyperref/nameref.sty
Package: nameref 2016/05/21 v2.44 Cross-referencing by name of section

(/usr/share/texmf-dist/tex/generic/oberdiek/gettitlestring.sty
Package: gettitlestring 2016/05/16 v1.5 Cleanup title references (HO)
)
\c@section@level=\count348
)
LaTeX Info: Redefining \ref on input line 22.
LaTeX Info: Redefining \pageref on input line 22.
LaTeX Info: Redefining \nameref on input line 22.

(./Manual_setup_raspberry_pi_Monitoring_Box.out)
(./Manual_setup_raspberry_pi_Monitoring_Box.out)
\@outlinefile=\write6
\openout6 = `Manual_setup_raspberry_pi_Monitoring_Box.out'.

 [1

{/var/lib/texmf/fonts/map/pdftex/updmap/pdftex.map}] (./Manual_setup_raspberry_
pi_Monitoring_Box.toc)
\tf@toc=\write7
\openout7 = `Manual_setup_raspberry_pi_Monitoring_Box.toc'.

pdfTeX warning (ext4): destination with the same identifier (name{page.1}) has 
been already used, duplicate ignored
<to be read again> 
                   \relax 
l.47 \chapter
             {Introduction} [1

]
Chapter 1.

Underfull \hbox (badness 10000) in paragraph at lines 48--68

 []

[2

]
Chapter 2.
[3

]
Chapter 3.
[4

]
<images/pi/download_raspbian.png, id=150, 1040.88875pt x 923.45pt>
File: images/pi/download_raspbian.png Graphic file (type png)
<use images/pi/download_raspbian.png>
Package pdftex.def Info: images/pi/download_raspbian.png  used on input line 96
. on input line 96.
Package pdftex.def Info: Requested size: 270.0pt x 239.52771pt on input line 96
.

Overfull \hbox (33.62257pt too wide) in paragraph at lines 92--99
\OT1/cmr/m/n/10.95 Download Rasp-bian Lite from: []https://www.raspberrypi.org/
downloads/raspbian/[]
 []

[5 <./images/pi/download_raspbian.png>]
Overfull \hbox (3.38538pt too wide) in paragraph at lines 100--101
[]\OT1/cmr/m/n/10.95 And down-load Etcher from: []https://etcher.io/[] (works o
n Win-dows, Linux
 []

<images/pi/install_etcher_1.jpg, id=157, 963.6pt x 492.33937pt>
File: images/pi/install_etcher_1.jpg Graphic file (type jpg)
<use images/pi/install_etcher_1.jpg>
Package pdftex.def Info: images/pi/install_etcher_1.jpg  used on input line 104
. on input line 104.
Package pdftex.def Info: Requested size: 270.0pt x 137.95174pt on input line 10
4.
<images/pi/install_etcher_2.jpg, id=158, 614.295pt x 315.42844pt>
File: images/pi/install_etcher_2.jpg Graphic file (type jpg)
<use images/pi/install_etcher_2.jpg>
Package pdftex.def Info: images/pi/install_etcher_2.jpg  used on input line 111
. on input line 111.
Package pdftex.def Info: Requested size: 270.0pt x 138.63972pt on input line 11
1.
[6 <./images/pi/install_etcher_1.jpg> <./images/pi/install_etcher_2.jpg>]
<images/pi/install_etcher_3.jpg, id=167, 722.7pt x 385.44pt>
File: images/pi/install_etcher_3.jpg Graphic file (type jpg)
<use images/pi/install_etcher_3.jpg>
Package pdftex.def Info: images/pi/install_etcher_3.jpg  used on input line 118
. on input line 118.
Package pdftex.def Info: Requested size: 270.0pt x 143.99855pt on input line 11
8.
<images/pi/install_etcher_4.jpg, id=168, 614.295pt x 315.42844pt>
File: images/pi/install_etcher_4.jpg Graphic file (type jpg)
<use images/pi/install_etcher_4.jpg>
Package pdftex.def Info: images/pi/install_etcher_4.jpg  used on input line 124
. on input line 124.
Package pdftex.def Info: Requested size: 270.0pt x 138.63972pt on input line 12
4.

[7 <./images/pi/install_etcher_3.jpg> <./images/pi/install_etcher_4.jpg>]
<images/pi/install_etcher_5.jpg, id=175, 614.295pt x 315.42844pt>
File: images/pi/install_etcher_5.jpg Graphic file (type jpg)
<use images/pi/install_etcher_5.jpg>
Package pdftex.def Info: images/pi/install_etcher_5.jpg  used on input line 131
. on input line 131.
Package pdftex.def Info: Requested size: 270.0pt x 138.63972pt on input line 13
1.
<images/pi/install_etcher_6.jpg, id=176, 614.295pt x 315.42844pt>
File: images/pi/install_etcher_6.jpg Graphic file (type jpg)
<use images/pi/install_etcher_6.jpg>
Package pdftex.def Info: images/pi/install_etcher_6.jpg  used on input line 137
. on input line 137.
Package pdftex.def Info: Requested size: 270.0pt x 138.63972pt on input line 13
7.

[8 <./images/pi/install_etcher_5.jpg> <./images/pi/install_etcher_6.jpg>]
<images/pi/install_sd_1.jpg, id=183, 722.7pt x 963.6pt>
File: images/pi/install_sd_1.jpg Graphic file (type jpg)
<use images/pi/install_sd_1.jpg>
Package pdftex.def Info: images/pi/install_sd_1.jpg  used on input line 145. on
 input line 145.
Package pdftex.def Info: Requested size: 161.9989pt x 215.99196pt on input line
 145.
<images/pi/install_cables.jpg, id=184, 963.6pt x 542.025pt>
File: images/pi/install_cables.jpg Graphic file (type jpg)
<use images/pi/install_cables.jpg>
Package pdftex.def Info: images/pi/install_cables.jpg  used on input line 151. 
on input line 151.
Package pdftex.def Info: Requested size: 216.0022pt x 121.49547pt on input line
 151.

[9 <./images/pi/install_sd_1.jpg> <./images/pi/install_cables.jpg>]
<images/pi/install_first_boot.jpg, id=191, 963.6pt x 542.025pt>
File: images/pi/install_first_boot.jpg Graphic file (type jpg)
<use images/pi/install_first_boot.jpg>
Package pdftex.def Info: images/pi/install_first_boot.jpg  used on input line 1
59. on input line 159.
Package pdftex.def Info: Requested size: 270.0pt x 151.87347pt on input line 15
9.
<images/pi/first_login.jpg, id=192, 963.6pt x 542.025pt>
File: images/pi/first_login.jpg Graphic file (type jpg)
<use images/pi/first_login.jpg>
Package pdftex.def Info: images/pi/first_login.jpg  used on input line 165. on 
input line 165.
Package pdftex.def Info: Requested size: 270.0pt x 151.87347pt on input line 16
5.
 [10 <./images/pi/install_first_boot.jpg> <./images/pi/first_login.jpg>]
<images/pi/first_login_after_login.jpg, id=199, 963.6pt x 722.7pt>
File: images/pi/first_login_after_login.jpg Graphic file (type jpg)
<use images/pi/first_login_after_login.jpg>
Package pdftex.def Info: images/pi/first_login_after_login.jpg  used on input l
ine 172. on input line 172.
Package pdftex.def Info: Requested size: 216.0022pt x 161.99396pt on input line
 172.
<images/pi/ssh_command.jpg, id=200, 963.6pt x 722.7pt>
File: images/pi/ssh_command.jpg Graphic file (type jpg)
<use images/pi/ssh_command.jpg>
Package pdftex.def Info: images/pi/ssh_command.jpg  used on input line 178. on 
input line 178.
Package pdftex.def Info: Requested size: 216.0022pt x 161.99396pt on input line
 178.
 [11 <./images/pi/first_login_after_login.jpg> <./images/pi/ssh_command.jpg>]
<images/pi/ssh_1.jpg, id=207, 963.6pt x 542.025pt>
File: images/pi/ssh_1.jpg Graphic file (type jpg)
<use images/pi/ssh_1.jpg>
Package pdftex.def Info: images/pi/ssh_1.jpg  used on input line 185. on input 
line 185.
Package pdftex.def Info: Requested size: 270.0pt x 151.87347pt on input line 18
5.
<images/pi/ssh_2.jpg, id=208, 963.6pt x 542.025pt>
File: images/pi/ssh_2.jpg Graphic file (type jpg)
<use images/pi/ssh_2.jpg>
Package pdftex.def Info: images/pi/ssh_2.jpg  used on input line 191. on input 
line 191.
Package pdftex.def Info: Requested size: 270.0pt x 151.87347pt on input line 19
1.
 [12 <./images/pi/ssh_1.jpg> <./images/pi/ssh_2.jpg>]
<images/pi/ssh_3.jpg, id=216, 963.6pt x 542.025pt>
File: images/pi/ssh_3.jpg Graphic file (type jpg)
<use images/pi/ssh_3.jpg>
Package pdftex.def Info: images/pi/ssh_3.jpg  used on input line 198. on input 
line 198.
Package pdftex.def Info: Requested size: 270.0pt x 151.87347pt on input line 19
8.
<images/pi/ssh_4.jpg, id=217, 963.6pt x 542.025pt>
File: images/pi/ssh_4.jpg Graphic file (type jpg)
<use images/pi/ssh_4.jpg>
Package pdftex.def Info: images/pi/ssh_4.jpg  used on input line 204. on input 
line 204.
Package pdftex.def Info: Requested size: 270.0pt x 151.87347pt on input line 20
4.
 [13 <./images/pi/ssh_3.jpg> <./images/pi/ssh_4.jpg>]
<images/pi/ssh_5.jpg, id=224, 963.6pt x 542.025pt>
File: images/pi/ssh_5.jpg Graphic file (type jpg)
<use images/pi/ssh_5.jpg>
Package pdftex.def Info: images/pi/ssh_5.jpg  used on input line 211. on input 
line 211.
Package pdftex.def Info: Requested size: 270.0pt x 151.87347pt on input line 21
1.
<images/pi/get_ip.jpg, id=225, 963.6pt x 542.025pt>
File: images/pi/get_ip.jpg Graphic file (type jpg)
<use images/pi/get_ip.jpg>
Package pdftex.def Info: images/pi/get_ip.jpg  used on input line 218. on input
 line 218.
Package pdftex.def Info: Requested size: 270.0pt x 151.87347pt on input line 21
8.
 [14 <./images/pi/ssh_5.jpg> <./images/pi/get_ip.jpg>]
(/usr/share/texmf-dist/tex/latex/listings/lstlang1.sty
File: lstlang1.sty 2015/06/04 1.6 listings language file
)
LaTeX Font Info:    Try loading font information for OML+cmr on input line 225.


(/usr/share/texmf-dist/tex/latex/base/omlcmr.fd
File: omlcmr.fd 2014/09/29 v2.5h Standard LaTeX font definitions
)
LaTeX Font Info:    Font shape `OML/cmr/m/n' in size <9> not available
(Font)              Font shape `OML/cmm/m/it' tried instead on input line 225.
<images/pi/login_ssh_nix.jpg, id=232, 459.96844pt x 223.58531pt>
File: images/pi/login_ssh_nix.jpg Graphic file (type jpg)
<use images/pi/login_ssh_nix.jpg>
Package pdftex.def Info: images/pi/login_ssh_nix.jpg  used on input line 230. o
n input line 230.
Package pdftex.def Info: Requested size: 270.0pt x 131.25232pt on input line 23
0.
<images/pi/login_ssh_nix_2.jpg, id=233, 520.94624pt x 61.73062pt>
File: images/pi/login_ssh_nix_2.jpg Graphic file (type jpg)
<use images/pi/login_ssh_nix_2.jpg>
Package pdftex.def Info: images/pi/login_ssh_nix_2.jpg  used on input line 236.
 on input line 236.
Package pdftex.def Info: Requested size: 270.0pt x 31.9946pt on input line 236.

 [15 <./images/pi/login_ssh_nix.jpg> <./images/pi/login_ssh_nix_2.jpg>]
<images/pi/login_ssh_nix_3.jpg, id=245, 536.75531pt x 79.79813pt>
File: images/pi/login_ssh_nix_3.jpg Graphic file (type jpg)
<use images/pi/login_ssh_nix_3.jpg>
Package pdftex.def Info: images/pi/login_ssh_nix_3.jpg  used on input line 243.
 on input line 243.
Package pdftex.def Info: Requested size: 270.0pt x 40.14003pt on input line 243
.
<images/pi/login_ssh_nix_4.jpg, id=246, 654.94687pt x 268.75406pt>
File: images/pi/login_ssh_nix_4.jpg Graphic file (type jpg)
<use images/pi/login_ssh_nix_4.jpg>
Package pdftex.def Info: images/pi/login_ssh_nix_4.jpg  used on input line 249.
 on input line 249.
Package pdftex.def Info: Requested size: 270.0pt x 110.7927pt on input line 249
.
 [16 <./images/pi/login_ssh_nix_3.jpg> <./images/pi/login_ssh_nix_4.jpg>]
LaTeX Font Info:    Try loading font information for OMS+cmr on input line 274.


(/usr/share/texmf-dist/tex/latex/base/omscmr.fd
File: omscmr.fd 2014/09/29 v2.5h Standard LaTeX font definitions
)
LaTeX Font Info:    Font shape `OMS/cmr/m/n' in size <9> not available
(Font)              Font shape `OMS/cmsy/m/n' tried instead on input line 274.

Overfull \hbox (29.15128pt too wide) in paragraph at lines 295--297
\OT1/cmr/m/n/10.95 Source: https://superuser.com/questions/969923/automatic-roo
t-login-in-debian-
 []

[17] [18]
Overfull \hbox (30.21582pt too wide) in paragraph at lines 373--375
\OT1/cmr/m/n/10.95 https://frillip.com/using-your-raspberry-pi-3-as-a-wifi-acce
ss-point-with-hostapd/
 []


Overfull \hbox (6.12576pt too wide) in paragraph at lines 373--375
\OT1/cmr/m/n/10.95 https://superuser.com/questions/985082/is-there-a-way-to-dis
able-the-dhcp-
 []

[19] [20] [21] [22]
Chapter 4.
[23

]
Package atveryend Info: Empty hook `BeforeClearDocument' on input line 547.
Package atveryend Info: Empty hook `AfterLastShipout' on input line 547.
 (./Manual_setup_raspberry_pi_Monitoring_Box.aux)
Package atveryend Info: Executing hook `AtVeryEndDocument' on input line 547.
Package atveryend Info: Executing hook `AtEndAfterFileList' on input line 547.


Package rerunfilecheck Warning: File `Manual_setup_raspberry_pi_Monitoring_Box.
out' has changed.
(rerunfilecheck)                Rerun to get outlines right
(rerunfilecheck)                or use package `bookmark'.

Package rerunfilecheck Info: Checksums for `Manual_setup_raspberry_pi_Monitorin
g_Box.out':
(rerunfilecheck)             Before: E6C5CD496231D20F7C5B59B46847B515;1549
(rerunfilecheck)             After:  EADEA9DEAA0910385D3BAC5D3777C8AF;1569.
 ) 
Here is how much of TeX's memory you used:
 48868 strings out of 492990
 1153240 string characters out of 6138688
 1426343 words of memory out of 5000000
 51534 multiletter control sequences out of 15000+600000
 543142 words of font info for 74 fonts, out of 8000000 for 9000
 1141 hyphenation exceptions out of 8191
 62i,11n,96p,10409b,1737s stack positions out of 5000i,500n,10000p,200000b,80000s
</usr/share/texmf-dist/fonts/type1/public/amsfonts/cm/cmbx10.pfb></usr/share/
texmf-dist/fonts/type1/public/amsfonts/cm/cmbx12.pfb></usr/share/texmf-dist/fon
ts/type1/public/amsfonts/cm/cmmi9.pfb></usr/share/texmf-dist/fonts/type1/public
/amsfonts/cm/cmr10.pfb></usr/share/texmf-dist/fonts/type1/public/amsfonts/cm/cm
r12.pfb></usr/share/texmf-dist/fonts/type1/public/amsfonts/cm/cmr17.pfb></usr/s
hare/texmf-dist/fonts/type1/public/amsfonts/cm/cmr9.pfb></usr/share/texmf-dist/
fonts/type1/public/amsfonts/cm/cmsy9.pfb>
Output written on Manual_setup_raspberry_pi_Monitoring_Box.pdf (24 pages, 15851
91 bytes).
PDF statistics:
 558 PDF objects out of 1000 (max. 8388607)
 496 compressed objects within 5 object streams
 263 named destinations out of 1000 (max. 500000)
 312 words of extra memory for PDF output out of 10000 (max. 10000000)

